<?xml version="1.0" encoding="UTF-8"?>
<!-- Generated by org.testng.reporters.JUnitReportReporter -->
<testsuite hostname="PESSOAL" failures="0" tests="1" name="CEOS.E.RECEBIMENTO_SELENIDE.runner" time="132.727" errors="0" timestamp="2021-12-30T10:11:37 BRT" skipped="0">
  <testcase classname="CEOS.E.RECEBIMENTO_SELENIDE.runner" name="RecebimentoCompleto" time="132.727"/>
  <system-out/>
</testsuite> <!-- CEOS.E.RECEBIMENTO_SELENIDE.runner -->
