<?xml version="1.0" encoding="UTF-8"?>
<!-- Generated by org.testng.reporters.JUnitReportReporter -->
<testsuite hostname="PESSOAL" failures="0" tests="1" name="CEOS.E.RECEBIMENTO_SELENIDE.runnerGuerra" time="128.026" errors="0" timestamp="2022-01-03T10:14:10 BRT" skipped="0">
  <testcase classname="CEOS.E.RECEBIMENTO_SELENIDE.runnerGuerra" name="RecebimentoCompleto" time="128.026"/>
  <system-out/>
</testsuite> <!-- CEOS.E.RECEBIMENTO_SELENIDE.runnerGuerra -->
