<?xml version="1.0" encoding="UTF-8"?>
<!-- Generated by org.testng.reporters.JUnitReportReporter -->
<testsuite hostname="PESSOAL" failures="0" tests="1" name="CEOS.E.RECEBIMENTO_SELENIDE.runnerGuerra" time="136.788" errors="0" timestamp="2022-01-03T13:58:27 BRT" skipped="0">
  <testcase classname="CEOS.E.RECEBIMENTO_SELENIDE.runnerGuerra" name="RecebimentoCompleto" time="136.788"/>
  <system-out/>
</testsuite> <!-- CEOS.E.RECEBIMENTO_SELENIDE.runnerGuerra -->
