<?xml version="1.0" encoding="UTF-8"?>
<!-- Generated by org.testng.reporters.JUnitReportReporter -->
<testsuite hostname="PESSOAL" failures="0" tests="1" name="CEOS.RECEBIMENTO_SELENIDE.runnerGuerra" time="99.276" errors="0" timestamp="2022-01-03T13:36:58 BRT" skipped="0">
  <testcase classname="CEOS.RECEBIMENTO_SELENIDE.runnerGuerra" name="ExpedicaoCompleta" time="99.276"/>
  <system-out/>
</testsuite> <!-- CEOS.RECEBIMENTO_SELENIDE.runnerGuerra -->
