<?xml version="1.0" encoding="UTF-8"?>
<!-- Generated by org.testng.reporters.JUnitReportReporter -->
<testsuite hostname="PESSOAL" failures="0" tests="1" name="CEOS.RECEBIMENTO_SELENIDE.runner" time="87.698" errors="0" timestamp="2021-12-30T10:01:11 BRT" skipped="0">
  <testcase classname="CEOS.RECEBIMENTO_SELENIDE.runner" name="ExpedicaoCompleta" time="87.698"/>
  <system-out/>
</testsuite> <!-- CEOS.RECEBIMENTO_SELENIDE.runner -->
